app/build/intermediates/manifest_merge_blame_file/debug/processDebugMainManifest/manifest-merger-blame-debug-report.txt
1<?xml version="1.0" encoding="utf-8"?>
2<manifest xmlns:android="http://schemas.android.com/apk/res/android"
3    package="com.easyapps.zkplayer"
4    android:versionCode="300000001"
5    android:versionName="31.0" >
6
7    <uses-sdk
8        android:minSdkVersion="21"
9        android:targetSdkVersion="35" />
10
11    <uses-permission android:name="android.permission.INTERNET" />
11-->src\main\AndroidManifest.xml:4:5-67
11-->src\main\AndroidManifest.xml:4:22-64
12    <uses-permission android:name="android.permission.ACCESS_NETWORK_STATE" />
12-->src\main\AndroidManifest.xml:5:5-79
12-->src\main\AndroidManifest.xml:5:22-76
13    <uses-permission android:name="com.google.android.gms.permission.AD_ID" />
13-->[com.yandex.android:mobileads:7.7.0] AndroidManifest.xml:9:5-79
13-->[com.yandex.android:mobileads:7.7.0] AndroidManifest.xml:9:22-76
14    <uses-permission android:name="android.permission.ACCESS_WIFI_STATE" />
14-->[com.yandex.android:mobileads:7.7.0] AndroidManifest.xml:10:5-76
14-->[com.yandex.android:mobileads:7.7.0] AndroidManifest.xml:10:22-73
15    <uses-permission android:name="android.permission.POST_NOTIFICATIONS" />
15-->[com.google.firebase:firebase-messaging:24.1.0] AndroidManifest.xml:23:5-77
15-->[com.google.firebase:firebase-messaging:24.1.0] AndroidManifest.xml:23:22-74
16    <uses-permission android:name="android.permission.WAKE_LOCK" /> <!-- Required by older versions of Google Play services to create IID tokens -->
16-->[com.google.firebase:firebase-messaging:24.1.0] AndroidManifest.xml:24:5-68
16-->[com.google.firebase:firebase-messaging:24.1.0] AndroidManifest.xml:24:22-65
17    <uses-permission android:name="com.google.android.c2dm.permission.RECEIVE" />
17-->[com.google.firebase:firebase-messaging:24.1.0] AndroidManifest.xml:26:5-82
17-->[com.google.firebase:firebase-messaging:24.1.0] AndroidManifest.xml:26:22-79
18    <uses-permission android:name="android.permission.ACCESS_ADSERVICES_AD_ID" />
18-->[com.google.android.gms:play-services-ads-lite:23.6.0] AndroidManifest.xml:27:5-82
18-->[com.google.android.gms:play-services-ads-lite:23.6.0] AndroidManifest.xml:27:22-79
19    <uses-permission android:name="android.permission.ACCESS_ADSERVICES_ATTRIBUTION" />
19-->[com.google.android.gms:play-services-ads-lite:23.6.0] AndroidManifest.xml:28:5-88
19-->[com.google.android.gms:play-services-ads-lite:23.6.0] AndroidManifest.xml:28:22-85
20    <uses-permission android:name="android.permission.ACCESS_ADSERVICES_TOPICS" /> <!-- Android package visibility setting -->
20-->[com.google.android.gms:play-services-ads-lite:23.6.0] AndroidManifest.xml:29:5-83
20-->[com.google.android.gms:play-services-ads-lite:23.6.0] AndroidManifest.xml:29:22-80
21    <queries>
21-->[com.google.android.gms:play-services-ads-lite:23.6.0] AndroidManifest.xml:35:5-68:15
22
23        <!-- For browser content -->
24        <intent>
24-->[com.google.android.gms:play-services-ads-lite:23.6.0] AndroidManifest.xml:38:9-44:18
25            <action android:name="android.intent.action.VIEW" />
25-->[com.google.android.gms:play-services-ads-lite:23.6.0] AndroidManifest.xml:39:13-65
25-->[com.google.android.gms:play-services-ads-lite:23.6.0] AndroidManifest.xml:39:21-62
26
27            <category android:name="android.intent.category.BROWSABLE" />
27-->[com.google.android.gms:play-services-ads-lite:23.6.0] AndroidManifest.xml:41:13-74
27-->[com.google.android.gms:play-services-ads-lite:23.6.0] AndroidManifest.xml:41:23-71
28
29            <data android:scheme="https" />
29-->[com.google.android.gms:play-services-ads-lite:23.6.0] AndroidManifest.xml:43:13-44
29-->[com.google.android.gms:play-services-ads-lite:23.6.0] AndroidManifest.xml:43:19-41
30        </intent>
31        <!-- End of browser content -->
32        <!-- For CustomTabsService -->
33        <intent>
33-->[com.google.android.gms:play-services-ads-lite:23.6.0] AndroidManifest.xml:47:9-49:18
34            <action android:name="android.support.customtabs.action.CustomTabsService" />
34-->[com.google.android.gms:play-services-ads-lite:23.6.0] AndroidManifest.xml:48:13-90
34-->[com.google.android.gms:play-services-ads-lite:23.6.0] AndroidManifest.xml:48:21-87
35        </intent>
36        <!-- End of CustomTabsService -->
37        <!-- For MRAID capabilities -->
38        <intent>
38-->[com.google.android.gms:play-services-ads-lite:23.6.0] AndroidManifest.xml:52:9-56:18
39            <action android:name="android.intent.action.INSERT" />
39-->[com.google.android.gms:play-services-ads-lite:23.6.0] AndroidManifest.xml:53:13-67
39-->[com.google.android.gms:play-services-ads-lite:23.6.0] AndroidManifest.xml:53:21-64
40
41            <data android:mimeType="vnd.android.cursor.dir/event" />
41-->[com.google.android.gms:play-services-ads-lite:23.6.0] AndroidManifest.xml:43:13-44
42        </intent>
43        <intent>
43-->[com.google.android.gms:play-services-ads-lite:23.6.0] AndroidManifest.xml:57:9-61:18
44            <action android:name="android.intent.action.VIEW" />
44-->[com.google.android.gms:play-services-ads-lite:23.6.0] AndroidManifest.xml:39:13-65
44-->[com.google.android.gms:play-services-ads-lite:23.6.0] AndroidManifest.xml:39:21-62
45
46            <data android:scheme="sms" />
46-->[com.google.android.gms:play-services-ads-lite:23.6.0] AndroidManifest.xml:43:13-44
46-->[com.google.android.gms:play-services-ads-lite:23.6.0] AndroidManifest.xml:43:19-41
47        </intent>
48        <intent>
48-->[com.google.android.gms:play-services-ads-lite:23.6.0] AndroidManifest.xml:62:9-66:18
49            <action android:name="android.intent.action.DIAL" />
49-->[com.google.android.gms:play-services-ads-lite:23.6.0] AndroidManifest.xml:63:13-65
49-->[com.google.android.gms:play-services-ads-lite:23.6.0] AndroidManifest.xml:63:21-62
50
51            <data android:path="tel:" />
51-->[com.google.android.gms:play-services-ads-lite:23.6.0] AndroidManifest.xml:43:13-44
52        </intent>
53        <!-- End of MRAID capabilities -->
54    </queries>
55
56    <uses-permission android:name="android.permission.FOREGROUND_SERVICE" />
56-->[androidx.work:work-runtime:2.7.0] AndroidManifest.xml:28:5-77
56-->[androidx.work:work-runtime:2.7.0] AndroidManifest.xml:28:22-74
57
58    <permission
58-->[androidx.core:core:1.15.0] AndroidManifest.xml:22:5-24:47
59        android:name="com.easyapps.zkplayer.DYNAMIC_RECEIVER_NOT_EXPORTED_PERMISSION"
59-->[androidx.core:core:1.15.0] AndroidManifest.xml:23:9-81
60        android:protectionLevel="signature" />
60-->[androidx.core:core:1.15.0] AndroidManifest.xml:24:9-44
61
62    <uses-permission android:name="com.easyapps.zkplayer.DYNAMIC_RECEIVER_NOT_EXPORTED_PERMISSION" />
62-->[androidx.core:core:1.15.0] AndroidManifest.xml:26:5-97
62-->[androidx.core:core:1.15.0] AndroidManifest.xml:26:22-94
63    <uses-permission android:name="com.google.android.finsky.permission.BIND_GET_INSTALL_REFERRER_SERVICE" />
63-->[com.android.installreferrer:installreferrer:2.2] AndroidManifest.xml:9:5-110
63-->[com.android.installreferrer:installreferrer:2.2] AndroidManifest.xml:9:22-107
64
65    <application
65-->src\main\AndroidManifest.xml:7:5-28:19
66        android:appComponentFactory="androidx.core.app.CoreComponentFactory"
66-->[androidx.core:core:1.15.0] AndroidManifest.xml:28:18-86
67        android:debuggable="true"
68        android:extractNativeLibs="true"
69        android:icon="@mipmap/ic_launcher"
69-->src\main\AndroidManifest.xml:8:9-43
70        android:label="@string/app_name"
70-->src\main\AndroidManifest.xml:9:9-41
71        android:roundIcon="@mipmap/ic_launcher"
71-->src\main\AndroidManifest.xml:10:9-48
72        android:supportsRtl="true"
72-->src\main\AndroidManifest.xml:11:9-35
73        android:testOnly="true"
74        android:theme="@style/AppTheme" >
74-->src\main\AndroidManifest.xml:12:9-40
75        <activity
75-->src\main\AndroidManifest.xml:13:9-20:20
76            android:name="com.easyapps.zkplayer.MainActivity"
76-->src\main\AndroidManifest.xml:14:13-41
77            android:exported="true" >
77-->src\main\AndroidManifest.xml:15:13-36
78            <intent-filter>
78-->src\main\AndroidManifest.xml:16:13-19:29
79                <action android:name="android.intent.action.MAIN" />
79-->src\main\AndroidManifest.xml:17:17-69
79-->src\main\AndroidManifest.xml:17:25-66
80
81                <category android:name="android.intent.category.LAUNCHER" />
81-->src\main\AndroidManifest.xml:18:17-77
81-->src\main\AndroidManifest.xml:18:27-74
82            </intent-filter>
83        </activity>
84
85        <meta-data
85-->src\main\AndroidManifest.xml:21:9-23:69
86            android:name="com.google.android.gms.ads.APPLICATION_ID"
86-->src\main\AndroidManifest.xml:22:13-69
87            android:value="ca-app-pub-8198363995431120~1616159104" />
87-->src\main\AndroidManifest.xml:23:13-67
88        <meta-data
88-->src\main\AndroidManifest.xml:24:9-26:61
89            android:name="com.google.firebase.messaging.default_notification_icon"
89-->src\main\AndroidManifest.xml:25:13-83
90            android:resource="@drawable/ic_notifications" />
90-->src\main\AndroidManifest.xml:26:13-58
91
92        <activity
92-->[com.yandex.android:mobileads:7.7.0] AndroidManifest.xml:13:9-16:73
93            android:name="com.yandex.mobile.ads.common.AdActivity"
93-->[com.yandex.android:mobileads:7.7.0] AndroidManifest.xml:14:13-67
94            android:configChanges="keyboard|keyboardHidden|orientation|screenLayout|uiMode|screenSize|smallestScreenSize"
94-->[com.yandex.android:mobileads:7.7.0] AndroidManifest.xml:15:13-122
95            android:theme="@style/MonetizationAdsInternal.AdActivity" />
95-->[com.yandex.android:mobileads:7.7.0] AndroidManifest.xml:16:13-70
96
97        <provider
97-->[com.yandex.android:mobileads:7.7.0] AndroidManifest.xml:18:9-21:40
98            android:name="com.yandex.mobile.ads.core.initializer.MobileAdsInitializeProvider"
98-->[com.yandex.android:mobileads:7.7.0] AndroidManifest.xml:19:13-94
99            android:authorities="com.easyapps.zkplayer.MobileAdsInitializeProvider"
99-->[com.yandex.android:mobileads:7.7.0] AndroidManifest.xml:20:13-79
100            android:exported="false" />
100-->[com.yandex.android:mobileads:7.7.0] AndroidManifest.xml:21:13-37
101
102        <activity
102-->[com.yandex.android:mobileads:7.7.0] AndroidManifest.xml:23:9-26:54
103            android:name="com.yandex.mobile.ads.features.debugpanel.ui.IntegrationInspectorActivity"
103-->[com.yandex.android:mobileads:7.7.0] AndroidManifest.xml:24:13-101
104            android:exported="false"
104-->[com.yandex.android:mobileads:7.7.0] AndroidManifest.xml:25:13-37
105            android:theme="@style/DebugPanelTheme" />
105-->[com.yandex.android:mobileads:7.7.0] AndroidManifest.xml:26:13-51
106
107        <provider
107-->[com.yandex.android:mobileads:7.7.0] AndroidManifest.xml:28:9-36:20
108            android:name="com.yandex.mobile.ads.features.debugpanel.data.local.DebugPanelFileProvider"
108-->[com.yandex.android:mobileads:7.7.0] AndroidManifest.xml:29:13-103
109            android:authorities="com.easyapps.zkplayer.monetization.ads.inspector.fileprovider"
109-->[com.yandex.android:mobileads:7.7.0] AndroidManifest.xml:30:13-91
110            android:exported="false"
110-->[com.yandex.android:mobileads:7.7.0] AndroidManifest.xml:31:13-37
111            android:grantUriPermissions="true" >
111-->[com.yandex.android:mobileads:7.7.0] AndroidManifest.xml:32:13-47
112            <meta-data
112-->[com.yandex.android:mobileads:7.7.0] AndroidManifest.xml:33:13-35:66
113                android:name="android.support.FILE_PROVIDER_PATHS"
113-->[com.yandex.android:mobileads:7.7.0] AndroidManifest.xml:34:17-67
114                android:resource="@xml/debug_panel_file_paths" />
114-->[com.yandex.android:mobileads:7.7.0] AndroidManifest.xml:35:17-63
115        </provider>
116
117        <receiver
117-->[com.google.firebase:firebase-messaging:24.1.0] AndroidManifest.xml:29:9-40:20
118            android:name="com.google.firebase.iid.FirebaseInstanceIdReceiver"
118-->[com.google.firebase:firebase-messaging:24.1.0] AndroidManifest.xml:30:13-78
119            android:exported="true"
119-->[com.google.firebase:firebase-messaging:24.1.0] AndroidManifest.xml:31:13-36
120            android:permission="com.google.android.c2dm.permission.SEND" >
120-->[com.google.firebase:firebase-messaging:24.1.0] AndroidManifest.xml:32:13-73
121            <intent-filter>
121-->[com.google.firebase:firebase-messaging:24.1.0] AndroidManifest.xml:33:13-35:29
122                <action android:name="com.google.android.c2dm.intent.RECEIVE" />
122-->[com.google.firebase:firebase-messaging:24.1.0] AndroidManifest.xml:34:17-81
122-->[com.google.firebase:firebase-messaging:24.1.0] AndroidManifest.xml:34:25-78
123            </intent-filter>
124
125            <meta-data
125-->[com.google.firebase:firebase-messaging:24.1.0] AndroidManifest.xml:37:13-39:40
126                android:name="com.google.android.gms.cloudmessaging.FINISHED_AFTER_HANDLED"
126-->[com.google.firebase:firebase-messaging:24.1.0] AndroidManifest.xml:38:17-92
127                android:value="true" />
127-->[com.google.firebase:firebase-messaging:24.1.0] AndroidManifest.xml:39:17-37
128        </receiver>
129        <!--
130             FirebaseMessagingService performs security checks at runtime,
131             but set to not exported to explicitly avoid allowing another app to call it.
132        -->
133        <service
133-->[com.google.firebase:firebase-messaging:24.1.0] AndroidManifest.xml:46:9-53:19
134            android:name="com.google.firebase.messaging.FirebaseMessagingService"
134-->[com.google.firebase:firebase-messaging:24.1.0] AndroidManifest.xml:47:13-82
135            android:directBootAware="true"
135-->[com.google.firebase:firebase-messaging:24.1.0] AndroidManifest.xml:48:13-43
136            android:exported="false" >
136-->[com.google.firebase:firebase-messaging:24.1.0] AndroidManifest.xml:49:13-37
137            <intent-filter android:priority="-500" >
137-->[com.google.firebase:firebase-messaging:24.1.0] AndroidManifest.xml:50:13-52:29
137-->[com.google.firebase:firebase-messaging:24.1.0] AndroidManifest.xml:50:28-51
138                <action android:name="com.google.firebase.MESSAGING_EVENT" />
138-->[com.google.firebase:firebase-messaging:24.1.0] AndroidManifest.xml:51:17-78
138-->[com.google.firebase:firebase-messaging:24.1.0] AndroidManifest.xml:51:25-75
139            </intent-filter>
140        </service>
141        <service
141-->[com.google.firebase:firebase-messaging:24.1.0] AndroidManifest.xml:54:9-63:19
142            android:name="com.google.firebase.components.ComponentDiscoveryService"
142-->[com.google.firebase:firebase-messaging:24.1.0] AndroidManifest.xml:55:13-84
143            android:directBootAware="true"
143-->[com.google.firebase:firebase-common:21.0.0] AndroidManifest.xml:32:13-43
144            android:exported="false" >
144-->[com.google.firebase:firebase-messaging:24.1.0] AndroidManifest.xml:56:13-37
145            <meta-data
145-->[com.google.firebase:firebase-messaging:24.1.0] AndroidManifest.xml:57:13-59:85
146                android:name="com.google.firebase.components:com.google.firebase.messaging.FirebaseMessagingKtxRegistrar"
146-->[com.google.firebase:firebase-messaging:24.1.0] AndroidManifest.xml:58:17-122
147                android:value="com.google.firebase.components.ComponentRegistrar" />
147-->[com.google.firebase:firebase-messaging:24.1.0] AndroidManifest.xml:59:17-82
148            <meta-data
148-->[com.google.firebase:firebase-messaging:24.1.0] AndroidManifest.xml:60:13-62:85
149                android:name="com.google.firebase.components:com.google.firebase.messaging.FirebaseMessagingRegistrar"
149-->[com.google.firebase:firebase-messaging:24.1.0] AndroidManifest.xml:61:17-119
150                android:value="com.google.firebase.components.ComponentRegistrar" />
150-->[com.google.firebase:firebase-messaging:24.1.0] AndroidManifest.xml:62:17-82
151            <meta-data
151-->[com.google.firebase:firebase-installations:17.2.0] AndroidManifest.xml:15:13-17:85
152                android:name="com.google.firebase.components:com.google.firebase.installations.FirebaseInstallationsKtxRegistrar"
152-->[com.google.firebase:firebase-installations:17.2.0] AndroidManifest.xml:16:17-130
153                android:value="com.google.firebase.components.ComponentRegistrar" />
153-->[com.google.firebase:firebase-installations:17.2.0] AndroidManifest.xml:17:17-82
154            <meta-data
154-->[com.google.firebase:firebase-installations:17.2.0] AndroidManifest.xml:18:13-20:85
155                android:name="com.google.firebase.components:com.google.firebase.installations.FirebaseInstallationsRegistrar"
155-->[com.google.firebase:firebase-installations:17.2.0] AndroidManifest.xml:19:17-127
156                android:value="com.google.firebase.components.ComponentRegistrar" />
156-->[com.google.firebase:firebase-installations:17.2.0] AndroidManifest.xml:20:17-82
157            <meta-data
157-->[com.google.firebase:firebase-common-ktx:21.0.0] AndroidManifest.xml:12:13-14:85
158                android:name="com.google.firebase.components:com.google.firebase.ktx.FirebaseCommonLegacyRegistrar"
158-->[com.google.firebase:firebase-common-ktx:21.0.0] AndroidManifest.xml:13:17-116
159                android:value="com.google.firebase.components.ComponentRegistrar" />
159-->[com.google.firebase:firebase-common-ktx:21.0.0] AndroidManifest.xml:14:17-82
160            <meta-data
160-->[com.google.firebase:firebase-common:21.0.0] AndroidManifest.xml:35:13-37:85
161                android:name="com.google.firebase.components:com.google.firebase.FirebaseCommonKtxRegistrar"
161-->[com.google.firebase:firebase-common:21.0.0] AndroidManifest.xml:36:17-109
162                android:value="com.google.firebase.components.ComponentRegistrar" />
162-->[com.google.firebase:firebase-common:21.0.0] AndroidManifest.xml:37:17-82
163            <meta-data
163-->[com.google.firebase:firebase-datatransport:18.2.0] AndroidManifest.xml:25:13-27:85
164                android:name="com.google.firebase.components:com.google.firebase.datatransport.TransportRegistrar"
164-->[com.google.firebase:firebase-datatransport:18.2.0] AndroidManifest.xml:26:17-115
165                android:value="com.google.firebase.components.ComponentRegistrar" />
165-->[com.google.firebase:firebase-datatransport:18.2.0] AndroidManifest.xml:27:17-82
166        </service> <!-- Include the AdActivity and InAppPurchaseActivity configChanges and themes. -->
167        <activity
167-->[com.google.android.gms:play-services-ads-lite:23.6.0] AndroidManifest.xml:73:9-78:43
168            android:name="com.google.android.gms.ads.AdActivity"
168-->[com.google.android.gms:play-services-ads-lite:23.6.0] AndroidManifest.xml:74:13-65
169            android:configChanges="keyboard|keyboardHidden|orientation|screenLayout|uiMode|screenSize|smallestScreenSize"
169-->[com.google.android.gms:play-services-ads-lite:23.6.0] AndroidManifest.xml:75:13-122
170            android:exported="false"
170-->[com.google.android.gms:play-services-ads-lite:23.6.0] AndroidManifest.xml:76:13-37
171            android:theme="@android:style/Theme.Translucent" />
171-->[com.google.android.gms:play-services-ads-lite:23.6.0] AndroidManifest.xml:77:13-61
172
173        <provider
173-->[com.google.android.gms:play-services-ads-lite:23.6.0] AndroidManifest.xml:80:9-85:43
174            android:name="com.google.android.gms.ads.MobileAdsInitProvider"
174-->[com.google.android.gms:play-services-ads-lite:23.6.0] AndroidManifest.xml:81:13-76
175            android:authorities="com.easyapps.zkplayer.mobileadsinitprovider"
175-->[com.google.android.gms:play-services-ads-lite:23.6.0] AndroidManifest.xml:82:13-73
176            android:exported="false"
176-->[com.google.android.gms:play-services-ads-lite:23.6.0] AndroidManifest.xml:83:13-37
177            android:initOrder="100" />
177-->[com.google.android.gms:play-services-ads-lite:23.6.0] AndroidManifest.xml:84:13-36
178
179        <service
179-->[com.google.android.gms:play-services-ads-lite:23.6.0] AndroidManifest.xml:87:9-91:43
180            android:name="com.google.android.gms.ads.AdService"
180-->[com.google.android.gms:play-services-ads-lite:23.6.0] AndroidManifest.xml:88:13-64
181            android:enabled="true"
181-->[com.google.android.gms:play-services-ads-lite:23.6.0] AndroidManifest.xml:89:13-35
182            android:exported="false" />
182-->[com.google.android.gms:play-services-ads-lite:23.6.0] AndroidManifest.xml:90:13-37
183
184        <activity
184-->[com.google.android.gms:play-services-ads-lite:23.6.0] AndroidManifest.xml:93:9-97:43
185            android:name="com.google.android.gms.ads.OutOfContextTestingActivity"
185-->[com.google.android.gms:play-services-ads-lite:23.6.0] AndroidManifest.xml:94:13-82
186            android:configChanges="keyboard|keyboardHidden|orientation|screenLayout|uiMode|screenSize|smallestScreenSize"
186-->[com.google.android.gms:play-services-ads-lite:23.6.0] AndroidManifest.xml:95:13-122
187            android:exported="false" />
187-->[com.google.android.gms:play-services-ads-lite:23.6.0] AndroidManifest.xml:96:13-37
188        <activity
188-->[com.google.android.gms:play-services-ads-lite:23.6.0] AndroidManifest.xml:98:9-105:43
189            android:name="com.google.android.gms.ads.NotificationHandlerActivity"
189-->[com.google.android.gms:play-services-ads-lite:23.6.0] AndroidManifest.xml:99:13-82
190            android:excludeFromRecents="true"
190-->[com.google.android.gms:play-services-ads-lite:23.6.0] AndroidManifest.xml:100:13-46
191            android:exported="false"
191-->[com.google.android.gms:play-services-ads-lite:23.6.0] AndroidManifest.xml:101:13-37
192            android:launchMode="singleTask"
192-->[com.google.android.gms:play-services-ads-lite:23.6.0] AndroidManifest.xml:102:13-44
193            android:taskAffinity=""
193-->[com.google.android.gms:play-services-ads-lite:23.6.0] AndroidManifest.xml:103:13-36
194            android:theme="@android:style/Theme.Translucent.NoTitleBar" />
194-->[com.google.android.gms:play-services-ads-lite:23.6.0] AndroidManifest.xml:104:13-72
195
196        <property
196-->[com.google.android.gms:play-services-ads-lite:23.6.0] AndroidManifest.xml:107:9-109:62
197            android:name="android.adservices.AD_SERVICES_CONFIG"
197-->[com.google.android.gms:play-services-ads-lite:23.6.0] AndroidManifest.xml:108:13-65
198            android:resource="@xml/gma_ad_services_config" />
198-->[com.google.android.gms:play-services-ads-lite:23.6.0] AndroidManifest.xml:109:13-59
199
200        <provider
200-->[com.google.firebase:firebase-common:21.0.0] AndroidManifest.xml:23:9-28:39
201            android:name="com.google.firebase.provider.FirebaseInitProvider"
201-->[com.google.firebase:firebase-common:21.0.0] AndroidManifest.xml:24:13-77
202            android:authorities="com.easyapps.zkplayer.firebaseinitprovider"
202-->[com.google.firebase:firebase-common:21.0.0] AndroidManifest.xml:25:13-72
203            android:directBootAware="true"
203-->[com.google.firebase:firebase-common:21.0.0] AndroidManifest.xml:26:13-43
204            android:exported="false"
204-->[com.google.firebase:firebase-common:21.0.0] AndroidManifest.xml:27:13-37
205            android:initOrder="100" /> <!-- AppMetrica Analytics: common service -->
205-->[com.google.firebase:firebase-common:21.0.0] AndroidManifest.xml:28:13-36
206        <service
206-->[io.appmetrica.analytics:analytics:7.3.0] AndroidManifest.xml:15:9-27:19
207            android:name="io.appmetrica.analytics.internal.AppMetricaService"
207-->[io.appmetrica.analytics:analytics:7.3.0] AndroidManifest.xml:16:13-78
208            android:enabled="true"
208-->[io.appmetrica.analytics:analytics:7.3.0] AndroidManifest.xml:17:13-35
209            android:exported="false"
209-->[io.appmetrica.analytics:analytics:7.3.0] AndroidManifest.xml:18:13-37
210            android:process=":AppMetrica" >
210-->[io.appmetrica.analytics:analytics:7.3.0] AndroidManifest.xml:19:13-42
211            <intent-filter>
211-->[io.appmetrica.analytics:analytics:7.3.0] AndroidManifest.xml:20:13-26:29
212                <category android:name="android.intent.category.DEFAULT" />
212-->[io.appmetrica.analytics:analytics:7.3.0] AndroidManifest.xml:21:17-76
212-->[io.appmetrica.analytics:analytics:7.3.0] AndroidManifest.xml:21:27-73
213
214                <action android:name="io.appmetrica.analytics.IAppMetricaService" />
214-->[io.appmetrica.analytics:analytics:7.3.0] AndroidManifest.xml:23:17-85
214-->[io.appmetrica.analytics:analytics:7.3.0] AndroidManifest.xml:23:25-82
215
216                <data android:scheme="appmetrica" />
216-->[com.google.android.gms:play-services-ads-lite:23.6.0] AndroidManifest.xml:43:13-44
216-->[com.google.android.gms:play-services-ads-lite:23.6.0] AndroidManifest.xml:43:19-41
217            </intent-filter>
218        </service> <!-- To track preinstallations -->
219        <provider
219-->[io.appmetrica.analytics:analytics:7.3.0] AndroidManifest.xml:30:9-36:54
220            android:name="io.appmetrica.analytics.internal.PreloadInfoContentProvider"
220-->[io.appmetrica.analytics:analytics:7.3.0] AndroidManifest.xml:31:13-87
221            android:authorities="com.easyapps.zkplayer.appmetrica.preloadinfo.retail"
221-->[io.appmetrica.analytics:analytics:7.3.0] AndroidManifest.xml:32:13-81
222            android:enabled="true"
222-->[io.appmetrica.analytics:analytics:7.3.0] AndroidManifest.xml:33:13-35
223            android:exported="true"
223-->[io.appmetrica.analytics:analytics:7.3.0] AndroidManifest.xml:34:13-36
224            android:process=":AppMetrica" />
224-->[io.appmetrica.analytics:analytics:7.3.0] AndroidManifest.xml:35:13-42
225
226        <activity
226-->[com.google.android.gms:play-services-base:18.0.1] AndroidManifest.xml:20:9-22:45
227            android:name="com.google.android.gms.common.api.GoogleApiActivity"
227-->[com.google.android.gms:play-services-base:18.0.1] AndroidManifest.xml:20:19-85
228            android:exported="false"
228-->[com.google.android.gms:play-services-base:18.0.1] AndroidManifest.xml:22:19-43
229            android:theme="@android:style/Theme.Translucent.NoTitleBar" />
229-->[com.google.android.gms:play-services-base:18.0.1] AndroidManifest.xml:21:19-78
230
231        <uses-library
231-->[androidx.privacysandbox.ads:ads-adservices:1.0.0-beta05] AndroidManifest.xml:23:9-25:40
232            android:name="android.ext.adservices"
232-->[androidx.privacysandbox.ads:ads-adservices:1.0.0-beta05] AndroidManifest.xml:24:13-50
233            android:required="false" />
233-->[androidx.privacysandbox.ads:ads-adservices:1.0.0-beta05] AndroidManifest.xml:25:13-37
234
235        <provider
235-->[androidx.emoji2:emoji2:1.3.0] AndroidManifest.xml:24:9-32:20
236            android:name="androidx.startup.InitializationProvider"
236-->[androidx.emoji2:emoji2:1.3.0] AndroidManifest.xml:25:13-67
237            android:authorities="com.easyapps.zkplayer.androidx-startup"
237-->[androidx.emoji2:emoji2:1.3.0] AndroidManifest.xml:26:13-68
238            android:exported="false" >
238-->[androidx.emoji2:emoji2:1.3.0] AndroidManifest.xml:27:13-37
239            <meta-data
239-->[androidx.emoji2:emoji2:1.3.0] AndroidManifest.xml:29:13-31:52
240                android:name="androidx.emoji2.text.EmojiCompatInitializer"
240-->[androidx.emoji2:emoji2:1.3.0] AndroidManifest.xml:30:17-75
241                android:value="androidx.startup" />
241-->[androidx.emoji2:emoji2:1.3.0] AndroidManifest.xml:31:17-49
242            <meta-data
242-->[androidx.work:work-runtime:2.7.0] AndroidManifest.xml:36:13-38:52
243                android:name="androidx.work.WorkManagerInitializer"
243-->[androidx.work:work-runtime:2.7.0] AndroidManifest.xml:37:17-68
244                android:value="androidx.startup" />
244-->[androidx.work:work-runtime:2.7.0] AndroidManifest.xml:38:17-49
245            <meta-data
245-->[androidx.lifecycle:lifecycle-process:2.6.2] AndroidManifest.xml:29:13-31:52
246                android:name="androidx.lifecycle.ProcessLifecycleInitializer"
246-->[androidx.lifecycle:lifecycle-process:2.6.2] AndroidManifest.xml:30:17-78
247                android:value="androidx.startup" />
247-->[androidx.lifecycle:lifecycle-process:2.6.2] AndroidManifest.xml:31:17-49
248            <meta-data
248-->[androidx.profileinstaller:profileinstaller:1.4.0] AndroidManifest.xml:29:13-31:52
249                android:name="androidx.profileinstaller.ProfileInstallerInitializer"
249-->[androidx.profileinstaller:profileinstaller:1.4.0] AndroidManifest.xml:30:17-85
250                android:value="androidx.startup" />
250-->[androidx.profileinstaller:profileinstaller:1.4.0] AndroidManifest.xml:31:17-49
251        </provider>
252
253        <service
253-->[androidx.work:work-runtime:2.7.0] AndroidManifest.xml:41:9-46:35
254            android:name="androidx.work.impl.background.systemalarm.SystemAlarmService"
254-->[androidx.work:work-runtime:2.7.0] AndroidManifest.xml:42:13-88
255            android:directBootAware="false"
255-->[androidx.work:work-runtime:2.7.0] AndroidManifest.xml:43:13-44
256            android:enabled="@bool/enable_system_alarm_service_default"
256-->[androidx.work:work-runtime:2.7.0] AndroidManifest.xml:44:13-72
257            android:exported="false" />
257-->[androidx.work:work-runtime:2.7.0] AndroidManifest.xml:45:13-37
258        <service
258-->[androidx.work:work-runtime:2.7.0] AndroidManifest.xml:47:9-53:35
259            android:name="androidx.work.impl.background.systemjob.SystemJobService"
259-->[androidx.work:work-runtime:2.7.0] AndroidManifest.xml:48:13-84
260            android:directBootAware="false"
260-->[androidx.work:work-runtime:2.7.0] AndroidManifest.xml:49:13-44
261            android:enabled="@bool/enable_system_job_service_default"